build/app/outputs/mapping/release/seeds.txt
com.example.yukdoa.MainActivity: MainActivity()
com.example.yukdoa.MainActivity
...
io.flutter.embedding.engine.FlutterJNI: io.flutter.embedding.engine.deferredcomponents.DeferredComponentManager deferredComponentManager
io.flutter.embedding.engine.systemchannels.PlatformChannel$DeviceOrientation: io.flutter.embedding.engine.systemchannels.PlatformChannel$DeviceOrientation[] values()
androidx.lifecycle.Lifecycling$1
io.flutter.embedding.engine.mutatorsstack.FlutterMutatorsStack
android.support.v4.app.RemoteActionCompatParcelizer: RemoteActionCompatParcelizer()
io.flutter.embedding.engine.systemchannels.PlatformChannel$SoundType: io.flutter.embedding.engine.systemchannels.PlatformChannel$SoundType[] values()
androidx.savedstate.Recreator
androidx.lifecycle.FullLifecycleObserverAdapter
io.flutter.embedding.engine.FlutterJNI: boolean initCalled
io.flutter.embedding.engine.FlutterJNI: void setSemanticsEnabled(boolean)
io.flutter.embedding.engine.FlutterJNI: void ensureNotAttachedToNative()
io.flutter.embedding.engine.renderer.SurfaceTextureWrapper: void release()
io.flutter.embedding.engine.systemchannels.TextInputChannel$TextCapitalization: io.flutter.embedding.engine.systemchannels.TextInputChannel$TextCapitalization[] values()
io.flutter.plugin.editing.ImeSyncDeferringInsetsCallback: boolean animating
io.flutter.embedding.engine.FlutterJNI: void unregisterTexture(long)
io.flutter.embedding.engine.FlutterJNI: void nativeDispatchPointerDataPacket(long,java.nio.ByteBuffer,int)
io.flutter.plugin.platform.SingleViewPresentation: io.flutter.plugin.platform.PlatformView getView()
io.flutter.embedding.engine.FlutterJNI: boolean setRefreshRateFPSCalled
io.flutter.view.AccessibilityViewEmbedder: void copyAccessibilityFields(android.view.accessibility.AccessibilityNodeInfo,android.view.accessibility.AccessibilityNodeInfo)
io.flutter.embedding.engine.FlutterJNI: boolean nativeFlutterTextUtilsIsEmojiModifierBase(int)
io.flutter.embedding.engine.FlutterJNI: void setPlatformViewsController(io.flutter.plugin.platform.PlatformViewsController)
io.flutter.embedding.engine.renderer.SurfaceTextureWrapper: android.graphics.SurfaceTexture surfaceTexture()
androidx.core.app.CoreComponentFactory
io.flutter.embedding.engine.FlutterJNI: void nativeDestroy(long)
io.flutter.view.AccessibilityViewEmbedder: AccessibilityViewEmbedder(android.view.View,int)
android.support.v4.graphics.drawable.IconCompatParcelizer: IconCompatParcelizer()
io.flutter.plugin.editing.ImeSyncDeferringInsetsCallback$AnimationCallback: ImeSyncDeferringInsetsCallback$AnimationCallback(io.flutter.plugin.editing.ImeSyncDeferringInsetsCallback)
io.flutter.view.AccessibilityViewEmbedder: int nextFlutterId
android.support.v4.app.RemoteActionCompatParcelizer
io.flutter.embedding.android.FlutterSplashView$SavedState: FlutterSplashView$SavedState(android.os.Parcel)
io.flutter.embedding.engine.systemchannels.PlatformChannel$HapticFeedbackType: io.flutter.embedding.engine.systemchannels.PlatformChannel$HapticFeedbackType valueOf(java.lang.String)
io.flutter.embedding.android.FlutterActivityLaunchConfigs$BackgroundMode: io.flutter.embedding.android.FlutterActivityLaunchConfigs$BackgroundMode[] values()
io.flutter.embedding.engine.FlutterJNI: void dispatchEmptyPlatformMessage(java.lang.String,int)
io.flutter.plugin.platform.SingleViewPresentation
io.flutter.view.AccessibilityBridge$TextDirection: io.flutter.view.AccessibilityBridge$TextDirection valueOf(java.lang.String)
io.flutter.embedding.engine.renderer.SurfaceTextureWrapper: boolean released
io.flutter.view.AccessibilityViewEmbedder: android.view.View platformViewOfNode(int)
io.flutter.embedding.android.RenderMode: io.flutter.embedding.android.RenderMode valueOf(java.lang.String)
io.flutter.embedding.engine.FlutterJNI: void detachFromNativeAndReleaseResources()
io.flutter.view.AccessibilityBridge$Flag: io.flutter.view.AccessibilityBridge$Flag valueOf(java.lang.String)
androidx.lifecycle.Lifecycle$Event: androidx.lifecycle.Lifecycle$Event ON_DESTROY