build/app/outputs/mapping/release/mapping.txt
# compiler: R8
# compiler_version: 2.1.62
# min_api: 16
# pg_map_id: 120cf35
# common_typos_disable
...
io.flutter.embedding.engine.plugins.contentprovider.ContentProviderPluginBinding -> io.flutter.embedding.engine.h.e.b:
io.flutter.embedding.engine.plugins.service.ServiceAware -> io.flutter.embedding.engine.h.f.a:
    void onAttachedToService(io.flutter.embedding.engine.plugins.service.ServicePluginBinding) -> a
    void onDetachedFromService() -> b
io.flutter.embedding.engine.plugins.service.ServicePluginBinding -> io.flutter.embedding.engine.h.f.b:
io.flutter.embedding.engine.plugins.util.GeneratedPluginRegister -> io.flutter.embedding.engine.h.g.a:
    void registerGeneratedPlugins(io.flutter.embedding.engine.FlutterEngine) -> a
io.flutter.embedding.engine.renderer.FlutterRenderer -> io.flutter.embedding.engine.renderer.a:
    io.flutter.embedding.engine.FlutterJNI flutterJNI -> a
    java.util.concurrent.atomic.AtomicLong nextTextureId -> b
    android.view.Surface surface -> c
    io.flutter.embedding.engine.renderer.FlutterUiDisplayListener flutterUiDisplayListener -> e
    boolean isDisplayingFlutterUi -> d
    io.flutter.view.TextureRegistry$SurfaceTextureEntry createSurfaceTexture() -> a
    boolean access$002(io.flutter.embedding.engine.renderer.FlutterRenderer,boolean) -> b
    io.flutter.embedding.engine.FlutterJNI access$200(io.flutter.embedding.engine.renderer.FlutterRenderer) -> c
    void access$400(io.flutter.embedding.engine.renderer.FlutterRenderer,long) -> d
    void access$500(io.flutter.embedding.engine.renderer.FlutterRenderer,long) -> e
    void addIsDisplayingFlutterUiListener(io.flutter.embedding.engine.renderer.FlutterUiDisplayListener) -> f
    void dispatchPointerDataPacket(java.nio.ByteBuffer,int) -> g
    boolean isDisplayingFlutterUi() -> h
    boolean isSoftwareRenderingEnabled() -> i
    void markTextureFrameAvailable(long) -> j
    void registerTexture(long,io.flutter.embedding.engine.renderer.SurfaceTextureWrapper) -> k
    void removeIsDisplayingFlutterUiListener(io.flutter.embedding.engine.renderer.FlutterUiDisplayListener) -> l
    void setSemanticsEnabled(boolean) -> m
io.flutter.embedding.engine.renderer.FlutterRenderer$1 -> io.flutter.embedding.engine.renderer.a$a:
    io.flutter.embedding.engine.renderer.FlutterRenderer this$0 -> a
    void onFlutterUiDisplayed() -> d
    void onFlutterUiNoLongerDisplayed() -> f
io.flutter.embedding.engine.renderer.FlutterRenderer$SurfaceTextureRegistryEntry -> io.flutter.embedding.engine.renderer.a$b:
    io.flutter.embedding.engine.renderer.FlutterRenderer this$0 -> e
    io.flutter.embedding.engine.renderer.SurfaceTextureWrapper textureWrapper -> b
    android.graphics.SurfaceTexture$OnFrameAvailableListener onFrameListener -> d
    long id -> a
    boolean released -> c
    void release() -> a
    long id() -> b
    android.graphics.SurfaceTexture surfaceTexture() -> c
    boolean access$100(io.flutter.embedding.engine.renderer.FlutterRenderer$SurfaceTextureRegistryEntry) -> d
    long access$300(io.flutter.embedding.engine.renderer.FlutterRenderer$SurfaceTextureRegistryEntry) -> e
    io.flutter.embedding.engine.renderer.SurfaceTextureWrapper textureWrapper() -> f
io.flutter.embedding.engine.renderer.FlutterRenderer$SurfaceTextureRegistryEntry$1 -> io.flutter.embedding.engine.renderer.a$b$a:
    io.flutter.embedding.engine.renderer.FlutterRenderer$SurfaceTextureRegistryEntry this$1 -> a
io.flutter.embedding.engine.renderer.FlutterRenderer$ViewportMetrics -> io.flutter.embedding.engine.renderer.a$c:
    int systemGestureInsetBottom -> n
    int systemGestureInsetLeft -> o
    int systemGestureInsetTop -> l
    int systemGestureInsetRight -> m
    int viewInsetBottom -> j
    int viewInsetLeft -> k
    int viewInsetTop -> h
    int viewInsetRight -> i
    int viewPaddingBottom -> f
    int viewPaddingLeft -> g
    int viewPaddingTop -> d
    float devicePixelRatio -> a
    int viewPaddingRight -> e
    int width -> b
    int height -> c