build/app/outputs/mapping/release/usage.txt
com.example.yukdoa.R$style
com.example.yukdoa.R$layout
com.example.yukdoa.R$styleable
com.example.yukdoa.R$integer
com.example.yukdoa.R$string
com.example.yukdoa.BuildConfig
com.example.yukdoa.R$mipmap
com.example.yukdoa.R
com.example.yukdoa.R$id
com.example.yukdoa.R$drawable
com.example.yukdoa.R$attr
com.example.yukdoa.R$dimen
com.example.yukdoa.R$color
...
kotlin.jvm.internal.CollectionToArray
kotlin.internal.PureReifiable
androidx.fragment.app.FragmentTabHost
kotlin.reflect.KProperty0$Getter
io.flutter.view.FlutterView$2
kotlin.text.StringsKt__StringsJVMKt
io.flutter.embedding.engine.plugins.broadcastreceiver.BroadcastReceiverControlSurface
kotlin.jvm.internal.Ref$FloatRef
android.support.v4.os.IResultReceiver$Default
io.flutter.plugins.urllauncher.R$id
io.flutter.embedding.engine.renderer.FlutterRenderer:
    public android.graphics.Bitmap getBitmap()
    public void setAccessibilityFeatures(int)
    public void dispatchSemanticsAction(int,int,java.nio.ByteBuffer,int)
    private static final java.lang.String TAG
androidx.core.view.ViewCompat$4
org.apache.commons.io.monitor.FileAlterationListenerAdaptor
androidx.arch.core.internal.FastSafeIterableMap:
    public java.lang.Object putIfAbsent(java.lang.Object,java.lang.Object)
    public java.util.Map$Entry ceil(java.lang.Object)
com.example.fluttershare.R
androidx.fragment.app.FragmentManagerImpl$2
kotlin.text.MatchResult
org.apache.commons.io.output.ClosedOutputStream
androidx.viewpager.widget.ViewPager$ViewPositionComparator
kotlin.jvm.internal.ShortCompanionObject
androidx.core.content.pm.PackageInfoCompat
kotlin.ranges.ULongRange$Companion
kotlin.sequences.GeneratorSequence
kotlin.sequences.SequencesKt__SequenceBuilderKt$sequence$$inlined$Sequence$1
androidx.fragment.app.FragmentManagerViewModel
androidx.customview.widget.ExploreByTouchHelper
androidx.annotation.CheckResult
io.flutter.embedding.engine.systemchannels.PlatformChannel:
    private static final java.lang.String TAG
io.flutter.embedding.engine.systemchannels.PlatformViewsChannel:
    private static final java.lang.String TAG
kotlin.Suppress
androidx.core.graphics.drawable.WrappedDrawableApi21
kotlin.collections.GroupingKt
androidx.lifecycle.LiveData$AlwaysActiveObserver
androidx.core.app.ActivityManagerCompat
kotlin.internal.RequireKotlin
androidx.core.app.NotificationCompat$Action
androidx.core.graphics.TypefaceCompatBaseImpl$1
io.flutter.embedding.android.FlutterEngineConfigurator
kotlin.coroutines.experimental.CoroutineContext$Element
io.flutter.plugin.common.MethodCall:
    public boolean hasArgument(java.lang.String)
kotlin.internal.PlatformImplementations$ReflectAddSuppressedMethod
androidx.core.text.TextDirectionHeuristicsCompat$TextDirectionHeuristicLocale
kotlin.coroutines.ContinuationKt
kotlin.collections.GroupingKt__GroupingJVMKt
androidx.fragment.app.FragmentManagerState$1
androidx.arch.core.internal.SafeIterableMap:
    public java.lang.Object putIfAbsent(java.lang.Object,java.lang.Object)
    protected androidx.arch.core.internal.SafeIterableMap$Entry put(java.lang.Object,java.lang.Object)
org.apache.commons.io.output.LockableFileWriter
androidx.core.content.res.ConfigurationHelper
kotlin.internal.OnlyInputTypes
kotlin.collections.ArraysKt___ArraysKt$asIterable$$inlined$Iterable$4
androidx.core.view.accessibility.AccessibilityViewCommand$ScrollToPositionArguments
kotlin.coroutines.experimental.CombinedContext$toString$1
kotlin.coroutines.experimental.SafeContinuation
com.example.fluttershare.R$integer
kotlin.jvm.internal.EnumCompanionObject
androidx.core.app.TaskStackBuilder$SupportParentable
androidx.viewpager.widget.ViewPager
org.intellij.lang.annotations.Identifier
kotlin.internal.jdk7.JDK7PlatformImplementations
androidx.core.app.NotificationCompat$CarExtender$UnreadConversation
kotlin.ranges.ULongProgression
androidx.customview.R$id
androidx.core.view.ViewCompat$FocusRelativeDirection
kotlin.reflect.KProperty$DefaultImpls
io.flutter.plugins.urllauncher.R
androidx.core.app.FrameMetricsAggregator
kotlin.collections.RingBuffer$iterator$1
kotlin.collections.ArraysKt___ArraysKt$withIndex$1